<?xml version="1.0" encoding="UTF-8"?>
<!-- Generated by org.testng.reporters.JUnitReportReporter -->
<testsuite hostname="LAPTOP-7A67A8DP" failures="0" tests="12" name="com.qa.tests.NavbarTest" time="12.975" errors="0" timestamp="2022-10-14T12:31:50 BST" skipped="0">
  <testcase classname="com.qa.tests.NavbarTest" name="clickHomeButton" time="0.101"/>
  <system-out/>
  <testcase classname="com.qa.tests.NavbarTest" name="clickListingsGalleryButton" time="0.536"/>
  <system-out/>
  <testcase classname="com.qa.tests.NavbarTest" name="clickPlacesToGoButton" time="2.484"/>
  <system-out/>
  <testcase classname="com.qa.tests.NavbarTest" name="clickAboutUsButton" time="0.801"/>
  <system-out/>
  <testcase classname="com.qa.tests.NavbarTest" name="clickClassificationsButton" time="0.459"/>
  <system-out/>
  <testcase classname="com.qa.tests.NavbarTest" name="clickContactUsButton" time="0.443"/>
  <system-out/>
  <testcase classname="com.qa.tests.NavbarTest" name="clickBookingsPage" time="0.479"/>
  <system-out/>
  <testcase classname="com.qa.tests.NavbarTest" name="clickUpcomingReleases" time="0.078"/>
  <system-out/>
  <testcase classname="com.qa.tests.NavbarTest" name="clickGettingThereButton" time="2.467"/>
  <system-out/>
  <testcase classname="com.qa.tests.NavbarTest" name="clickOpeningTimesButton" time="2.500"/>
  <system-out/>
  <testcase classname="com.qa.tests.NavbarTest" name="clickDiscussionsPage" time="0.090"/>
  <system-out/>
  <testcase classname="com.qa.tests.NavbarTest" name="clickScreensButton" time="2.537"/>
  <system-out/>
</testsuite> <!-- com.qa.tests.NavbarTest -->
