<?xml version="1.0" encoding="UTF-8"?>
<!-- Generated by org.testng.reporters.JUnitReportReporter -->
<testsuite hostname="LAPTOP-7A67A8DP" failures="0" tests="2" name="com.qa.tests.CinemaTest" time="0.489" errors="0" timestamp="2022-10-11T14:36:57 BST" skipped="0">
  <testcase classname="com.qa.tests.CinemaTest" name="showScreenings" time="0.421"/>
  <system-out/>
  <testcase classname="com.qa.tests.CinemaTest" name="redirectPage" time="0.068"/>
  <system-out/>
</testsuite> <!-- com.qa.tests.CinemaTest -->
