<?xml version="1.0" encoding="UTF-8"?>
<!-- Generated by org.testng.reporters.JUnitReportReporter -->
<testsuite hostname="LAPTOP-7A67A8DP" failures="0" tests="1" name="com.qa.tests.DiscussionsPageTest" time="0.577" errors="0" timestamp="2022-10-11T15:33:24 BST" skipped="0">
  <testcase classname="com.qa.tests.DiscussionsPageTest" name="postInvalidName" time="0.577"/>
  <system-out/>
</testsuite> <!-- com.qa.tests.DiscussionsPageTest -->
