<?xml version="1.0" encoding="UTF-8"?>
<!-- Generated by org.testng.reporters.JUnitReportReporter -->
<testsuite hostname="LAPTOP-7A67A8DP" failures="0" tests="4" name="com.qa.tests.DiscussionsPageTest" time="11.357" errors="0" timestamp="2022-10-14T11:28:23 BST" skipped="0">
  <testcase classname="com.qa.tests.DiscussionsPageTest" name="postInvalidComment" time="2.771"/>
  <system-out/>
  <testcase classname="com.qa.tests.DiscussionsPageTest" name="postInvalidName" time="2.939"/>
  <system-out/>
  <testcase classname="com.qa.tests.DiscussionsPageTest" name="postValidDiscussion" time="2.861"/>
  <system-out/>
  <testcase classname="com.qa.tests.DiscussionsPageTest" name="showDiscussions" time="2.786"/>
  <system-out/>
</testsuite> <!-- com.qa.tests.DiscussionsPageTest -->
