<?xml version="1.0" encoding="UTF-8"?>
<!-- Generated by org.testng.reporters.JUnitReportReporter -->
<testsuite hostname="LAPTOP-7A67A8DP" failures="0" tests="2" name="com.qa.tests.BookingsPageTest" time="0.482" errors="0" timestamp="2022-10-11T15:34:40 BST" skipped="0">
  <testcase classname="com.qa.tests.BookingsPageTest" name="showScreenings" time="0.410"/>
  <system-out/>
  <testcase classname="com.qa.tests.BookingsPageTest" name="redirectPage" time="0.072"/>
  <system-out/>
</testsuite> <!-- com.qa.tests.BookingsPageTest -->
