<?xml version="1.0" encoding="UTF-8"?>
<!-- Generated by org.testng.reporters.JUnitReportReporter -->
<testsuite hostname="LAPTOP-7A67A8DP" failures="0" tests="1" name="com.qa.tests.BookingsPageTest" time="2.551" errors="0" timestamp="2022-10-14T11:28:41 BST" skipped="0">
  <testcase classname="com.qa.tests.BookingsPageTest" name="showScreenings" time="2.551"/>
  <system-out/>
</testsuite> <!-- com.qa.tests.BookingsPageTest -->
